Arguments: 
  /home/malika/.nvm/versions/node/v16.15.0/bin/node /home/malika/.yarn/bin/yarn.js add @types/angular --save

PATH: 
  /home/malika/.rvm/gems/ruby-3.0.0/bin:/home/malika/.rvm/gems/ruby-3.0.0@global/bin:/home/malika/.rvm/rubies/ruby-3.0.0/bin:/home/malika/.nvm/versions/node/v16.15.0/bin:/home/malika/.yarn/bin:/home/malika/.config/yarn/global/node_modules/.bin:/usr/local/sbin:/usr/local/bin:/usr/sbin:/usr/bin:/sbin:/bin:/usr/games:/usr/local/games:/mnt/c/ImageMagick-7.1.0-Q16-HDRI:/mnt/c/Windows/system32:/mnt/c/Windows:/mnt/c/Windows/System32/Wbem:/mnt/c/Windows/System32/WindowsPowerShell/v1.0/:/mnt/c/Windows/System32/OpenSSH/:/mnt/c/Sqlite":/mnt/c/Program Files (x86)/NVIDIA Corporation/PhysX/Common:/mnt/c/Program Files/nodejs/:/mnt/c/ProgramData/chocolatey/bin:/mnt/c/Program Files/PostgreSQL/12/bin:/mnt/c/Users/nanan/AppData/Local/Programs/Microsoft VS Code/bin:/snap/bin:/home/malika/.rvm/bin:/home/malika/.rvm/bin

Yarn version: 
  1.22.19

Node version: 
  16.15.0

Platform: 
  linux x64

Trace: 
  Error: https://registry.yarnpkg.com/rxjs/-/rxjs-7.5.6.tgz: ESOCKETTIMEDOUT
      at ClientRequest.<anonymous> (/home/malika/.yarn/lib/cli.js:141517:19)
      at Object.onceWrapper (node:events:641:28)
      at ClientRequest.emit (node:events:527:28)
      at TLSSocket.emitRequestTimeout (node:_http_client:771:9)
      at Object.onceWrapper (node:events:641:28)
      at TLSSocket.emit (node:events:539:35)
      at TLSSocket.Socket._onTimeout (node:net:516:8)
      at listOnTimeout (node:internal/timers:559:17)
      at processTimers (node:internal/timers:502:7)

npm manifest: 
  {
    "name": "frontend",
    "version": "0.0.0",
    "scripts": {
      "ng": "ng",
      "start": "ng serve",
      "build": "ng build",
      "watch": "ng build --watch --configuration development",
      "test": "ng test"
    },
    "private": true,
    "dependencies": {
      "@angular/animations": "^14.0.0",
      "@angular/cdk": "^14.0.4",
      "@angular/common": "^14.0.0",
      "@angular/compiler": "^14.0.0",
      "@angular/core": "^14.0.0",
      "@angular/forms": "^14.0.0",
      "@angular/material": "^14.0.4",
      "@angular/platform-browser": "^14.0.0",
      "@angular/platform-browser-dynamic": "^14.0.0",
      "@angular/router": "^14.0.0",
      "rxjs": "~7.5.0",
      "tslib": "^2.3.0",
      "zone.js": "~0.11.4"
    },
    "devDependencies": {
      "@angular-devkit/build-angular": "^14.0.1",
      "@angular/cli": "~14.0.1",
      "@angular/compiler-cli": "^14.0.0",
      "@types/jasmine": "~4.0.0",
      "@types/node": "^18.0.3",
      "jasmine-core": "~4.1.0",
      "karma": "~6.3.0",
      "karma-chrome-launcher": "~3.1.0",
      "karma-coverage": "~2.2.0",
      "karma-jasmine": "~5.0.0",
      "karma-jasmine-html-reporter": "~1.7.0",
      "typescript": "~4.7.2"
    }
  }

yarn manifest: 
  No manifest

Lockfile: 
  No lockfile
